<?xml version="1.0" encoding="UTF-8"?>
<testsuite name="Navigation Test"
           tests="2"
           failures="1"
           errors="0"
           skipped="0"
           time="3.837">
  <properties />
            <testcase name="testNavigator" time="2.169" classname="navigation.NavigationTests">
                <failure type="java.lang.AssertionError"
                  message="The following asserts failed:
	The Welcome Link Is Not Correct On The Home Page expected [false] but found [true],
	The Dashboard Is Not Correct On The Home Page expected [true] but found [false]"
              >
<![CDATA[java.lang.AssertionError: The following asserts failed:
	The Welcome Link Is Not Correct On The Home Page expected [false] but found [true],
	The Dashboard Is Not Correct On The Home Page expected [true] but found [false]
  org.testng.asserts.SoftAssert.assertAll(SoftAssert.java:43)
  navigation.NavigationTests.testNavigator(NavigationTests.java:31)
  java.base/jdk.internal.reflect.NativeMethodAccessorImpl.invoke0(Native Method)
  java.base/jdk.internal.reflect.NativeMethodAccessorImpl.invoke(NativeMethodAccessorImpl.java:62)
  java.base/jdk.internal.reflect.DelegatingMethodAccessorImpl.invoke(DelegatingMethodAccessorImpl.java:43)
  java.base/java.lang.reflect.Method.invoke(Method.java:566)
  org.testng.internal.MethodInvocationHelper.invokeMethod(MethodInvocationHelper.java:108)
  org.testng.internal.Invoker.invokeMethod(Invoker.java:661)
  org.testng.internal.Invoker.invokeTestMethod(Invoker.java:869)
  org.testng.internal.Invoker.invokeTestMethods(Invoker.java:1193)
  org.testng.internal.TestMethodWorker.invokeTestMethods(TestMethodWorker.java:126)
  org.testng.internal.TestMethodWorker.run(TestMethodWorker.java:109)
  org.testng.TestRunner.privateRun(TestRunner.java:744)
  org.testng.TestRunner.run(TestRunner.java:602)
  org.testng.SuiteRunner.runTest(SuiteRunner.java:380)
  org.testng.SuiteRunner.access$000(SuiteRunner.java:39)
  org.testng.SuiteRunner$SuiteWorker.run(SuiteRunner.java:414)
  org.testng.internal.thread.ThreadUtil$1.call(ThreadUtil.java:52)
  java.base/java.util.concurrent.FutureTask.run(FutureTask.java:264)
  java.base/java.util.concurrent.ThreadPoolExecutor.runWorker(ThreadPoolExecutor.java:1128)
  java.base/java.util.concurrent.ThreadPoolExecutor$Worker.run(ThreadPoolExecutor.java:628)
  java.base/java.lang.Thread.run(Thread.java:834)
]]>
      </failure>

          </testcase>
  
  
            <testcase name="testSwitchTab" time="1.668" classname="navigation.NavigationTests" />
      
</testsuite>
