<!DOCTYPE html PUBLIC "-//W3C//DTD XHTML 1.1//EN" "http://www.w3.org/TR/xhtml11/DTD/xhtml11.dtd">
<html xmlns="http://www.w3.org/1999/xhtml"><head><title>TestNG Report</title><style type="text/css">table {margin-bottom:10px;border-collapse:collapse;empty-cells:show}th,td {border:1px solid #009;padding:.25em .5em}th {vertical-align:bottom}td {vertical-align:top}table a {font-weight:bold}.stripe td {background-color: #E6EBF9}.num {text-align:right}.passedodd td {background-color: #3F3}.passedeven td {background-color: #0A0}.skippedodd td {background-color: #DDD}.skippedeven td {background-color: #CCC}.failedodd td,.attn {background-color: #F33}.failedeven td,.stripe .attn {background-color: #D00}.stacktrace {white-space:pre;font-family:monospace}.totop {font-size:85%;text-align:center;border-bottom:2px solid #000}</style></head><body><table><tr><th>Test</th><th># Passed</th><th># Skipped</th><th># Failed</th><th>Time (ms)</th><th>Included Groups</th><th>Excluded Groups</th></tr><tr><th colspan="7">Test Automation University Suite</th></tr><tr><td><a href="#t0">Alerts Test</a></td><td class="num">3</td><td class="num">0</td><td class="num">0</td><td class="num">10,163</td><td></td><td></td></tr><tr class="stripe"><td><a href="#t1">ContextMenu Test</a></td><td class="num">1</td><td class="num">0</td><td class="num">0</td><td class="num">6,468</td><td></td><td></td></tr><tr><td><a href="#t2">Cookies Test</a></td><td class="num">1</td><td class="num">0</td><td class="num">0</td><td class="num">6,427</td><td></td><td></td></tr><tr class="stripe"><td><a href="#t3">DropDown Test</a></td><td class="num">1</td><td class="num">0</td><td class="num">0</td><td class="num">6,877</td><td></td><td></td></tr><tr><td><a href="#t4">FrogotPassword Test</a></td><td class="num">1</td><td class="num">0</td><td class="num">0</td><td class="num">7,344</td><td></td><td></td></tr><tr class="stripe"><td><a href="#t5">Frames Test</a></td><td class="num">2</td><td class="num">0</td><td class="num">0</td><td class="num">9,181</td><td></td><td></td></tr><tr><td><a href="#t6">Hovers Test</a></td><td class="num">1</td><td class="num">0</td><td class="num">0</td><td class="num">6,505</td><td></td><td></td></tr><tr class="stripe"><td><a href="#t7">JS Test</a></td><td class="num">5</td><td class="num">0</td><td class="num">0</td><td class="num">12,220</td><td></td><td></td></tr><tr><td><a href="#t8">Keys Test</a></td><td class="num">3</td><td class="num">0</td><td class="num">0</td><td class="num">7,693</td><td></td><td></td></tr><tr class="stripe"><td><a href="#t9">Login Test</a></td><td class="num">1</td><td class="num">0</td><td class="num attn">1</td><td class="num">8,620</td><td></td><td></td></tr><tr><td><a href="#t10">LoginParameters Test</a></td><td class="num">1</td><td class="num">0</td><td class="num">0</td><td class="num">7,389</td><td></td><td></td></tr><tr class="stripe"><td><a href="#t11">Modal Test</a></td><td class="num">1</td><td class="num">0</td><td class="num">0</td><td class="num">8,544</td><td></td><td></td></tr><tr><td><a href="#t12">Navigation Test</a></td><td class="num">1</td><td class="num">0</td><td class="num attn">1</td><td class="num">10,006</td><td></td><td></td></tr><tr class="stripe"><td><a href="#t13">Slider Test</a></td><td class="num">1</td><td class="num">0</td><td class="num">0</td><td class="num">6,801</td><td></td><td></td></tr><tr><td><a href="#t14">Upload Test</a></td><td class="num">1</td><td class="num">0</td><td class="num">0</td><td class="num">6,690</td><td></td><td></td></tr><tr class="stripe"><td><a href="#t15">Wait Test</a></td><td class="num">3</td><td class="num">0</td><td class="num">0</td><td class="num">12,331</td><td></td><td></td></tr><tr><td><a href="#t16">FireFox Tests</a></td><td class="num">4</td><td class="num">0</td><td class="num">0</td><td class="num">21,474</td><td></td><td></td></tr><tr><th>Total</th><th class="num">31</th><th class="num">0</th><th class="num attn">2</th><th class="num">154,733</th><th colspan="2"></th></tr></table><table id='summary'><thead><tr><th>Class</th><th>Method</th><th>Start</th><th>Time (ms)</th></tr></thead><tbody><tr><th colspan="4">Test Automation University Suite</th></tr></tbody><tbody id="t0"><tr><th colspan="4">Alerts Test &#8212; passed</th></tr><tr class="passedeven"><td rowspan="3">AlertsPage.AlertsTests</td><td><a href="#m0">JSAlertTest</a></td><td rowspan="1">1574787244870</td><td rowspan="1">536</td></tr><tr class="passedeven"><td><a href="#m1">JSConfirmAlert</a></td><td rowspan="1">1574787245990</td><td rowspan="1">470</td></tr><tr class="passedeven"><td><a href="#m2">testSetInputInAlert</a></td><td rowspan="1">1574787246982</td><td rowspan="1">410</td></tr></tbody><tbody id="t1"><tr><th colspan="4">ContextMenu Test &#8212; passed</th></tr><tr class="passedeven"><td rowspan="1">contextMenu.ContextTests</td><td><a href="#m3">testRightClick</a></td><td rowspan="1">1574787253346</td><td rowspan="1">521</td></tr></tbody><tbody id="t2"><tr><th colspan="4">Cookies Test &#8212; passed</th></tr><tr class="passedeven"><td rowspan="1">Cookies.CookiesTests</td><td><a href="#m4">testDeleteCookie</a></td><td rowspan="1">1574787259991</td><td rowspan="1">380</td></tr></tbody><tbody id="t3"><tr><th colspan="4">DropDown Test &#8212; passed</th></tr><tr class="passedeven"><td rowspan="1">dropdown.DropdownTests</td><td><a href="#m5">testSelectOption</a></td><td rowspan="1">1574787266524</td><td rowspan="1">738</td></tr></tbody><tbody id="t4"><tr><th colspan="4">FrogotPassword Test &#8212; passed</th></tr><tr class="passedeven"><td rowspan="1">forgotPassword.forgotPasswordTests</td><td><a href="#m6">testSendingEmail</a></td><td rowspan="1">1574787273378</td><td rowspan="1">1233</td></tr></tbody><tbody id="t5"><tr><th colspan="4">Frames Test &#8212; passed</th></tr><tr class="passedeven"><td rowspan="1">Frames.FramesTests</td><td><a href="#m7">ParagraphTest</a></td><td rowspan="1">1574787282703</td><td rowspan="1">1077</td></tr><tr class="passedodd"><td rowspan="1">Frames.NestedFramesTests</td><td><a href="#m8">BottomFrameTest</a></td><td rowspan="1">1574787280527</td><td rowspan="1">1034</td></tr></tbody><tbody id="t6"><tr><th colspan="4">Hovers Test &#8212; passed</th></tr><tr class="passedeven"><td rowspan="1">hover.HoverTests</td><td><a href="#m9">testHoverUser1</a></td><td rowspan="1">1574787289656</td><td rowspan="1">681</td></tr></tbody><tbody id="t7"><tr><th colspan="4">JS Test &#8212; passed</th></tr><tr class="passedeven"><td rowspan="5">javaScript.JavaScriptTests</td><td><a href="#m10">testDomain</a></td><td rowspan="1">1574787297639</td><td rowspan="1">691</td></tr><tr class="passedeven"><td><a href="#m11">testScrollToButtom</a></td><td rowspan="1">1574787298853</td><td rowspan="1">663</td></tr><tr class="passedeven"><td><a href="#m12">testScrollToFifthParagraph</a></td><td rowspan="1">1574787300045</td><td rowspan="1">1238</td></tr><tr class="passedeven"><td><a href="#m13">testScrollToTable</a></td><td rowspan="1">1574787296223</td><td rowspan="1">891</td></tr><tr class="passedeven"><td><a href="#m14">testSelectOption</a></td><td rowspan="1">1574787301755</td><td rowspan="1">751</td></tr></tbody><tbody id="t8"><tr><th colspan="4">Keys Test &#8212; passed</th></tr><tr class="passedeven"><td rowspan="2">keys.KeysTests</td><td><a href="#m15">testBackSpace</a></td><td rowspan="1">1574787308684</td><td rowspan="1">517</td></tr><tr class="passedeven"><td><a href="#m16">testPi</a></td><td rowspan="1">1574787309695</td><td rowspan="1">376</td></tr><tr class="passedodd"><td rowspan="1">keys.MultiplyWindows</td><td><a href="#m17">FactExampleTests</a></td><td rowspan="1">1574787308690</td><td rowspan="1">1595</td></tr></tbody><tbody id="t9"><tr><th colspan="4">Login Test &#8212; failed</th></tr><tr class="failedeven"><td rowspan="1">login.LoginTests</td><td><a href="#m18">testSuccessfulLogin</a></td><td rowspan="1">1574787317707</td><td rowspan="1">961</td></tr><tr><th colspan="4">Login Test &#8212; passed</th></tr><tr class="passedeven"><td rowspan="1">login.LoginTests</td><td><a href="#m19">testSuccessfulLogin</a></td><td rowspan="1">1574787316067</td><td rowspan="1">1165</td></tr></tbody><tbody id="t10"><tr><th colspan="4">LoginParameters Test &#8212; passed</th></tr><tr class="passedeven"><td rowspan="1">login.LoginTests</td><td><a href="#m20">testSuccessfulLogin3Parameters</a></td><td rowspan="1">1574787324994</td><td rowspan="1">1342</td></tr></tbody><tbody id="t11"><tr><th colspan="4">Modal Test &#8212; passed</th></tr><tr class="passedeven"><td rowspan="1">ModalWindow.ModalTests</td><td><a href="#m21">closeTestModal</a></td><td rowspan="1">1574787332060</td><td rowspan="1">2805</td></tr></tbody><tbody id="t12"><tr><th colspan="4">Navigation Test &#8212; failed</th></tr><tr class="failedeven"><td rowspan="1">navigation.NavigationTests</td><td><a href="#m22">testNavigator</a></td><td rowspan="1">1574787340679</td><td rowspan="1">1871</td></tr><tr><th colspan="4">Navigation Test &#8212; passed</th></tr><tr class="passedeven"><td rowspan="1">navigation.NavigationTests</td><td><a href="#m23">testSwitchTab</a></td><td rowspan="1">1574787343425</td><td rowspan="1">1499</td></tr></tbody><tbody id="t13"><tr><th colspan="4">Slider Test &#8212; passed</th></tr><tr class="passedeven"><td rowspan="1">Slider.sliderTests</td><td><a href="#m24">setSliderNumberFour</a></td><td rowspan="1">1574787350887</td><td rowspan="1">853</td></tr></tbody><tbody id="t14"><tr><th colspan="4">Upload Test &#8212; passed</th></tr><tr class="passedeven"><td rowspan="1">UploadFile.UploadFileTests</td><td><a href="#m25">testFileUpload</a></td><td rowspan="1">1574787357563</td><td rowspan="1">897</td></tr></tbody><tbody id="t15"><tr><th colspan="4">Wait Test &#8212; passed</th></tr><tr class="passedeven"><td rowspan="1">Wait.FluentWait</td><td><a href="#m26">testWaitUntilHidden</a></td><td rowspan="1">1574787364869</td><td rowspan="1">5940</td></tr><tr class="passedodd"><td rowspan="1">Wait.WaitFactExercise</td><td><a href="#m27">FactTest</a></td><td rowspan="1">1574787364867</td><td rowspan="1">5847</td></tr><tr class="passedeven"><td rowspan="1">Wait.WaitTests</td><td><a href="#m28">testWaitUntilHidden</a></td><td rowspan="1">1574787364633</td><td rowspan="1">6134</td></tr></tbody><tbody id="t16"><tr><th colspan="4">FireFox Tests &#8212; passed</th></tr><tr class="passedeven"><td rowspan="3">AlertsPage.AlertsTests</td><td><a href="#m29">JSAlertTest</a></td><td rowspan="1">1574787381777</td><td rowspan="1">685</td></tr><tr class="passedeven"><td><a href="#m30">JSConfirmAlert</a></td><td rowspan="1">1574787383343</td><td rowspan="1">772</td></tr><tr class="passedeven"><td><a href="#m31">testSetInputInAlert</a></td><td rowspan="1">1574787384745</td><td rowspan="1">652</td></tr><tr class="passedodd"><td rowspan="1">ModalWindow.ModalTests</td><td><a href="#m32">closeTestModal</a></td><td rowspan="1">1574787382680</td><td rowspan="1">3189</td></tr></tbody></table><h2>Alerts Test</h2><h3 id="m0">AlertsPage.AlertsTests#JSAlertTest</h3><table class="result"></table><p class="totop"><a href="#summary">back to summary</a></p><h3 id="m1">AlertsPage.AlertsTests#JSConfirmAlert</h3><table class="result"></table><p class="totop"><a href="#summary">back to summary</a></p><h3 id="m2">AlertsPage.AlertsTests#testSetInputInAlert</h3><table class="result"></table><p class="totop"><a href="#summary">back to summary</a></p><h2>ContextMenu Test</h2><h3 id="m3">contextMenu.ContextTests#testRightClick</h3><table class="result"></table><p class="totop"><a href="#summary">back to summary</a></p><h2>Cookies Test</h2><h3 id="m4">Cookies.CookiesTests#testDeleteCookie</h3><table class="result"></table><p class="totop"><a href="#summary">back to summary</a></p><h2>DropDown Test</h2><h3 id="m5">dropdown.DropdownTests#testSelectOption</h3><table class="result"></table><p class="totop"><a href="#summary">back to summary</a></p><h2>FrogotPassword Test</h2><h3 id="m6">forgotPassword.forgotPasswordTests#testSendingEmail</h3><table class="result"></table><p class="totop"><a href="#summary">back to summary</a></p><h2>Frames Test</h2><h3 id="m7">Frames.FramesTests#ParagraphTest</h3><table class="result"></table><p class="totop"><a href="#summary">back to summary</a></p><h3 id="m8">Frames.NestedFramesTests#BottomFrameTest</h3><table class="result"></table><p class="totop"><a href="#summary">back to summary</a></p><h2>Hovers Test</h2><h3 id="m9">hover.HoverTests#testHoverUser1</h3><table class="result"></table><p class="totop"><a href="#summary">back to summary</a></p><h2>JS Test</h2><h3 id="m10">javaScript.JavaScriptTests#testDomain</h3><table class="result"></table><p class="totop"><a href="#summary">back to summary</a></p><h3 id="m11">javaScript.JavaScriptTests#testScrollToButtom</h3><table class="result"></table><p class="totop"><a href="#summary">back to summary</a></p><h3 id="m12">javaScript.JavaScriptTests#testScrollToFifthParagraph</h3><table class="result"></table><p class="totop"><a href="#summary">back to summary</a></p><h3 id="m13">javaScript.JavaScriptTests#testScrollToTable</h3><table class="result"></table><p class="totop"><a href="#summary">back to summary</a></p><h3 id="m14">javaScript.JavaScriptTests#testSelectOption</h3><table class="result"></table><p class="totop"><a href="#summary">back to summary</a></p><h2>Keys Test</h2><h3 id="m15">keys.KeysTests#testBackSpace</h3><table class="result"></table><p class="totop"><a href="#summary">back to summary</a></p><h3 id="m16">keys.KeysTests#testPi</h3><table class="result"></table><p class="totop"><a href="#summary">back to summary</a></p><h3 id="m17">keys.MultiplyWindows#FactExampleTests</h3><table class="result"></table><p class="totop"><a href="#summary">back to summary</a></p><h2>Login Test</h2><h3 id="m18">login.LoginTests#testSuccessfulLogin</h3><table class="result"><tr class="param"><th>Parameter #1</th><th>Parameter #2</th></tr><tr class="param stripe"><td>Pe</td><td>SuperSecretPassword!</td></tr><tr><th colspan="2">Exception</th></tr><tr><td colspan="2"><div class="stacktrace">java.lang.AssertionError: Alert text is incorrect! expected [true] but found [false]
	at login.LoginTests.testSuccessfulLogin(LoginTests.java:23)
	at java.base/java.util.concurrent.ThreadPoolExecutor.runWorker(ThreadPoolExecutor.java:1128)
	at java.base/java.util.concurrent.ThreadPoolExecutor$Worker.run(ThreadPoolExecutor.java:628)
	at java.base/java.lang.Thread.run(Thread.java:834)
... Removed 13 stack frames</div></td></tr></table><p class="totop"><a href="#summary">back to summary</a></p><h3 id="m19">login.LoginTests#testSuccessfulLogin</h3><table class="result"><tr class="param"><th>Parameter #1</th><th>Parameter #2</th></tr><tr class="param stripe"><td>tomsmith</td><td>SuperSecretPassword!</td></tr></table><p class="totop"><a href="#summary">back to summary</a></p><h2>LoginParameters Test</h2><h3 id="m20">login.LoginTests#testSuccessfulLogin3Parameters</h3><table class="result"><tr class="param"><th>Parameter #1</th><th>Parameter #2</th></tr><tr class="param stripe"><td>tomsmith</td><td>SuperSecretPassword!</td></tr></table><p class="totop"><a href="#summary">back to summary</a></p><h2>Modal Test</h2><h3 id="m21">ModalWindow.ModalTests#closeTestModal</h3><table class="result"></table><p class="totop"><a href="#summary">back to summary</a></p><h2>Navigation Test</h2><h3 id="m22">navigation.NavigationTests#testNavigator</h3><table class="result"><tr><th>Exception</th></tr><tr><td><div class="stacktrace">java.lang.AssertionError: The following asserts failed:
	The Welcome Link Is Not Correct On The Home Page expected [false] but found [true],
	The Dashboard Is Not Correct On The Home Page expected [true] but found [false]
	at navigation.NavigationTests.testNavigator(NavigationTests.java:31)
	at java.base/java.util.concurrent.ThreadPoolExecutor.runWorker(ThreadPoolExecutor.java:1128)
	at java.base/java.util.concurrent.ThreadPoolExecutor$Worker.run(ThreadPoolExecutor.java:628)
	at java.base/java.lang.Thread.run(Thread.java:834)
... Removed 11 stack frames</div></td></tr></table><p class="totop"><a href="#summary">back to summary</a></p><h3 id="m23">navigation.NavigationTests#testSwitchTab</h3><table class="result"></table><p class="totop"><a href="#summary">back to summary</a></p><h2>Slider Test</h2><h3 id="m24">Slider.sliderTests#setSliderNumberFour</h3><table class="result"></table><p class="totop"><a href="#summary">back to summary</a></p><h2>Upload Test</h2><h3 id="m25">UploadFile.UploadFileTests#testFileUpload</h3><table class="result"></table><p class="totop"><a href="#summary">back to summary</a></p><h2>Wait Test</h2><h3 id="m26">Wait.FluentWait#testWaitUntilHidden</h3><table class="result"></table><p class="totop"><a href="#summary">back to summary</a></p><h3 id="m27">Wait.WaitFactExercise#FactTest</h3><table class="result"></table><p class="totop"><a href="#summary">back to summary</a></p><h3 id="m28">Wait.WaitTests#testWaitUntilHidden</h3><table class="result"></table><p class="totop"><a href="#summary">back to summary</a></p><h2>FireFox Tests</h2><h3 id="m29">AlertsPage.AlertsTests#JSAlertTest</h3><table class="result"></table><p class="totop"><a href="#summary">back to summary</a></p><h3 id="m30">AlertsPage.AlertsTests#JSConfirmAlert</h3><table class="result"></table><p class="totop"><a href="#summary">back to summary</a></p><h3 id="m31">AlertsPage.AlertsTests#testSetInputInAlert</h3><table class="result"></table><p class="totop"><a href="#summary">back to summary</a></p><h3 id="m32">ModalWindow.ModalTests#closeTestModal</h3><table class="result"></table><p class="totop"><a href="#summary">back to summary</a></p></body></html>